SQL> start 1_Database.sql

Table created.


Sequence created.


Trigger created.


Trigger altered.


Table created.


Table created.


Table created.


Trigger created.


Trigger altered.


Table created.


Trigger created.


Trigger altered.


Table created.


Sequence created.


Trigger created.


Trigger altered.


Trigger created.


Trigger altered.


Trigger created.


Trigger altered.


Trigger created.


Trigger altered.


Table created.


Trigger created.


Trigger altered.


1 row created.


1 row created.


1 row created.


1 row created.


1 row created.


1 row created.


1 row created.


1 row created.


1 row created.


1 row created.


1 row created.


1 row created.


1 row created.


1 row created.


1 row created.


1 row created.


1 row created.


1 row created.


1 row created.


1 row created.


1 row created.


1 row created.


1 row created.


1 row created.


1 row created.


1 row created.


1 row created.


1 row created.


1 row created.


1 row created.


1 row created.


1 row created.


1 row created.


1 row created.


1 row created.


1 row created.


1 row created.


1 row created.


1 row created.


1 row created.


1 row created.


1 row created.


1 row created.


1 row created.


1 row created.


1 row created.


1 row created.


1 row created.


1 row created.


1 row created.


1 row created.


1 row created.


1 row created.


1 row created.


1 row created.


1 row created.


1 row created.


1 row created.


1 row created.


1 row created.


1 row created.


1 row created.


1 row created.


1 row created.


1 row created.


1 row created.


1 row created.


1 row created.


1 row created.


1 row created.


1 row created.


1 row created.


1 row created.


1 row created.


1 row created.


1 row created.


Commit complete.

SQL> start 2_ProjectDemoServiceContract.sql


CONTRACTID                                                                                                              
----------                                                                                                              
         1                                                                                                              
         2                                                                                                              
         3                                                                                                              
         4                                                                                                              
         5                                                                                                              
         6                                                                                                              
         7                                                                                                              
         8                                                                                                              
         9                                                                                                              
        10                                                                                                              
        11                                                                                                              

CONTRACTID                                                                                                              
----------                                                                                                              
        12                                                                                                              
        13                                                                                                              
        14                                                                                                              
Please enter Service Contract ID : 2
CustID   ContractID   StartDate   EndDate     ItemID   ServiceType   Fee/Month   MModel   MMake  MYear  MSize           
3          2          09-MAY-22   09-MAR-23    S01      Software      10                                                

Please enter Phone Number : 5559821241
Cust#   Contract#   StartDate   EndDate     Item#   ServiceType   Fee/Month                                             
13         5         21-FEB-23   29-MAR-23    S06      Software      10                                                 
13         5         28-FEB-23   28-MAR-23    S05      PHardware      5                                                 

Cust#   Contract#   StartDate   EndDate     Item#   ServiceType   Fee/Month  Status                                     
13          5         21-FEB-23   29-MAR-23    S06      Software      10     Active                                     
10          7         02-JAN-23   02-MAR-23    S07      Software      10     Active                                     
2           3         02-JUN-22   02-FEB-23    S02      Software      10     Active                                     
3           2         09-MAY-22   09-MAR-23    S01      Software      10     Active                                     
12          14         15-MAR-23   15-SEP-23    S17      Hardware      15     Active                                    
11          13         25-MAR-23   25-AUG-23    S16      Hardware      15     Active                                    
8           11         22-FEB-23   22-MAR-23    S14      Hardware      15     Active                                    
7           10         19-JAN-23   19-MAR-23    S13      Hardware      15     Active                                    
6           9         11-JAN-23   11-MAR-23    S12      Hardware      15     Active                                     
4           6         25-MAR-23   25-JUN-23    S10      Hardware      15     Active                                     
10          4         19-NOV-22   19-MAR-23    S03      Hardware      15     Active                                     
1           1         10-APR-22   10-MAR-23    S08      Hardware      15     Active                                     
9           12         25-FEB-23   25-MAR-23    S15      PHardware      5     Active                                    
5           8         27-MAR-23   27-JUL-23    S11      PHardware      5     Active                                     
13          5         28-FEB-23   28-MAR-23    S05      PHardware      5     Active                                     
10          8         05-NOV-22   05-MAR-23    S04      PHardware      5     Active                                     
1           1         09-APR-22   09-MAR-23    S09      PHardware      5     Active                                     


CONTRACTID STATUS                                                                                                       
---------- ----------                                                                                                   
         1 Active                                                                                                       
         2 Active                                                                                                       
         3 Active                                                                                                       
         4 Active                                                                                                       
         5 Active                                                                                                       
         6 Active                                                                                                       
         7 Active                                                                                                       
         8 Active                                                                                                       
         9 Active                                                                                                       
        10 Active                                                                                                       
        11 Active                                                                                                       

CONTRACTID STATUS                                                                                                       
---------- ----------                                                                                                   
        12 Active                                                                                                       
        13 Active                                                                                                       
        14 Active                                                                                                       
Please enter Contract ID you want to update : 11

CONTRACTID STATUS                                                                                                       
---------- ----------                                                                                                   
        11 Inactive                                                                                                     


CONTRACTID                                                                                                              
----------                                                                                                              
         1                                                                                                              
         2                                                                                                              
         3                                                                                                              
         4                                                                                                              
         5                                                                                                              
         6                                                                                                              
         7                                                                                                              
         8                                                                                                              
         9                                                                                                              
        10                                                                                                              
        11                                                                                                              

CONTRACTID                                                                                                              
----------                                                                                                              
        12                                                                                                              
        13                                                                                                              
        14                                                                                                              
Please enter Contract ID you want to DELETE : 11

CONTRACTID                                                                                                              
----------                                                                                                              
         1                                                                                                              
         2                                                                                                              
         3                                                                                                              
         4                                                                                                              
         5                                                                                                              
         6                                                                                                              
         7                                                                                                              
         8                                                                                                              
         9                                                                                                              
        10                                                                                                              
        12                                                                                                              

CONTRACTID                                                                                                              
----------                                                                                                              
        13                                                                                                              
        14                                                                                                              

    CUSTID CONTRACTID DELETION_                                                                                         
---------- ---------- ---------                                                                                         
         8         11 22-MAR-23                                                                                         

TODAY                                                                           
------------------                                                              
March 22, 2023                                                                  

 CUSTOMER#                                                                      
----------                                                                      
         3                                                                      

CUSTOMER_NAME                                                                   
------------------------------                                                  
John                                                                            

                                 Magic Wand Inc.                                
 ============================================================================== 
                                                                                
Service Contract ID : 2                                    Date : March 22, 2023
Customer ID :          3                                    Customer Name : John
                                                                                
                                                                                
REPORTFILENAME                                                                  
------------------------------                                                  
ServiceContract_2_20230322.txt                                                  
